<?xml version="1.0" encoding="UTF-8"?>
<testsuite xmlns:xsi="http://www.w3.org/2001/XMLSchema-instance" xsi:noNamespaceSchemaLocation="https://maven.apache.org/surefire/maven-surefire-plugin/xsd/surefire-test-report.xsd" name="com.humber.registration.AppTest" time="0.065" tests="2" errors="0" skipped="0" failures="0">
  <properties>
[...]
</properties>
  <testcase name="testAppRuns" classname="com.humber.registration.AppTest" time="0.035"/>
  <testcase name="testStudentWaitRequest" classname="com.humber.registration.AppTest" time="0.02"/>
</testsuite>