<?xml version="1.0" encoding="UTF-8"?>
<testsuite xmlns:xsi="http://www.w3.org/2001/XMLSchema-instance" xsi:noNamespaceSchemaLocation="https://maven.apache.org/surefire/maven-surefire-plugin/xsd/surefire-test-report-3.0.xsd" version="3.0" name="com.humber.registration.AppTest" time="0.117" tests="3" errors="0" skipped="0" failures="0">
  <properties>
[...]
</properties>
  <testcase name="testAppInstantiation" classname="com.humber.registration.AppTest" time="0.054"/>
  <testcase name="testStudentWaitRequestComparison" classname="com.humber.registration.AppTest" time="0.017"/>
  <testcase name="testStudentWaitRequest" classname="com.humber.registration.AppTest" time="0.01"/>
</testsuite>